rorray.c: In function 'DrawText2':
rorray.c:242:25: warning: dereferencing type-punned pointer will break strict-aliasing rules [-Wstrict-aliasing]
  242 |     Vector2 position = *(Vector2 *)(&box);
      |                         ^~~~~~~~~~~~~~~~~
rorray.c: In function 'DrawTextEx2':
rorray.c:278:25: warning: dereferencing type-punned pointer will break strict-aliasing rules [-Wstrict-aliasing]
  278 |     Vector2 position = *(Vector2 *)(&box);
      |                         ^~~~~~~~~~~~~~~~~
rorray.c: In function 'main':
rorray.c:439:29: warning: implicit declaration of function 'strcpy' [-Wimplicit-function-declaration]
  439 |                             strcpy(str, (char*)(valabsaddr(rordata, G_FACT, A_FACT_NAME, factidx)));
      |                             ^~~~~~
rorray.c:16:1: note: include '<string.h>' or provide a declaration of 'strcpy'
   15 | #include "rorfile.h"
  +++ |+#include <string.h>
   16 | 
rorray.c:439:29: warning: incompatible implicit declaration of built-in function 'strcpy' [-Wbuiltin-declaration-mismatch]
  439 |                             strcpy(str, (char*)(valabsaddr(rordata, G_FACT, A_FACT_NAME, factidx)));
      |                             ^~~~~~
rorray.c:439:29: note: include '<string.h>' or provide a declaration of 'strcpy'
rorray.c:448:51: warning: implicit declaration of function 'strlen' [-Wimplicit-function-declaration]
  448 |                                 int letterCount = strlen((char*)(valabsaddr(rordata, G_FACT, A_FACT_NAME, factidx)));
      |                                                   ^~~~~~
rorray.c:448:51: note: include '<string.h>' or provide a declaration of 'strlen'
rorray.c:448:51: warning: incompatible implicit declaration of built-in function 'strlen' [-Wbuiltin-declaration-mismatch]
rorray.c:448:51: note: include '<string.h>' or provide a declaration of 'strlen'
rorray.c:502:55: warning: incompatible implicit declaration of built-in function 'strlen' [-Wbuiltin-declaration-mismatch]
  502 |                                     int letterCount = strlen((char*)(valabsaddr(rordata, G_FACT, A_FACT_NAME, factidx)));
      |                                                       ^~~~~~
rorray.c:502:55: note: include '<string.h>' or provide a declaration of 'strlen'
rorray.c:517:49: warning: implicit declaration of function 'memcpy' [-Wimplicit-function-declaration]
  517 |                                                 memcpy(addr1, addr0, size);  // copy
      |                                                 ^~~~~~
rorray.c:517:49: note: include '<string.h>' or provide a declaration of 'memcpy'
rorray.c:517:49: warning: incompatible implicit declaration of built-in function 'memcpy' [-Wbuiltin-declaration-mismatch]
rorray.c:517:49: note: include '<string.h>' or provide a declaration of 'memcpy'
rorray.c:518:49: warning: implicit declaration of function 'memset' [-Wimplicit-function-declaration]
  518 |                                                 memset(addr0, 0, size);  // zero
      |                                                 ^~~~~~
rorray.c:518:49: note: include '<string.h>' or provide a declaration of 'memset'
rorray.c:518:49: warning: incompatible implicit declaration of built-in function 'memset' [-Wbuiltin-declaration-mismatch]
rorray.c:518:49: note: include '<string.h>' or provide a declaration of 'memset'
rorray.c:513:54: warning: unused variable 'attr_' [-Wunused-variable]
  513 |                                                 Attr attr_ = attr(rordata, G_FACT, a);
      |                                                      ^~~~~
rorray.c:588:31: warning: suggest parentheses around comparison in operand of '&' [-Wparentheses]
  588 |                         if (0 < dealStatus & 0x03)
      |                             ~~^~~~~~~~~~~~
rorray.c:602:25: warning: implicit declaration of function 'sprintf' [-Wimplicit-function-declaration]
  602 |                         sprintf(str, "DEAL %i SENATORS TO EACH FACTION", targetSenatorCount);
      |                         ^~~~~~~
rorray.c:16:1: note: include '<stdio.h>' or provide a declaration of 'sprintf'
   15 | #include "rorfile.h"
  +++ |+#include <stdio.h>
   16 | 
rorray.c:602:25: warning: incompatible implicit declaration of built-in function 'sprintf' [-Wbuiltin-declaration-mismatch]
  602 |                         sprintf(str, "DEAL %i SENATORS TO EACH FACTION", targetSenatorCount);
      |                         ^~~~~~~
rorray.c:602:25: note: include '<stdio.h>' or provide a declaration of 'sprintf'
rorray.c:810:37: warning: incompatible implicit declaration of built-in function 'strcpy' [-Wbuiltin-declaration-mismatch]
  810 |                                     strcpy(str, "drag and shake it");
      |                                     ^~~~~~
rorray.c:810:37: note: include '<string.h>' or provide a declaration of 'strcpy'
rorray.c:1024:33: warning: incompatible implicit declaration of built-in function 'sprintf' [-Wbuiltin-declaration-mismatch]
 1024 |                                 sprintf(str, "%d", *valabsaddr(rordata, G_SENA, A_SENA_IDNR, senaidx));
      |                                 ^~~~~~~
rorray.c:1024:33: note: include '<stdio.h>' or provide a declaration of 'sprintf'
rorray.c:1325:29: warning: incompatible implicit declaration of built-in function 'sprintf' [-Wbuiltin-declaration-mismatch]
 1325 |                             sprintf(str, "%d", *valabsaddr(rordata, G_SENA, A_SENA_IDNR, senaidx));
      |                             ^~~~~~~
rorray.c:1325:29: note: include '<stdio.h>' or provide a declaration of 'sprintf'
rorray.c:414:9: warning: label 'LABEL_GAME_TREE' defined but not used [-Wunused-label]
  414 |         LABEL_GAME_TREE:
      |         ^~~~~~~~~~~~~~~
rorray.c:359:13: warning: unused variable 'font3Ex' [-Wunused-variable]
  359 |     Vector2 font3Ex = MeasureTextEx(font1, "x", font3.baseSize, 0);
      |             ^~~~~~~
rorray.c:358:13: warning: unused variable 'font3Em' [-Wunused-variable]
  358 |     Vector2 font3Em = MeasureTextEx(font1, "M", font3.baseSize, 0);
      |             ^~~~~~~
rorray.c:356:13: warning: unused variable 'font2Ex' [-Wunused-variable]
  356 |     Vector2 font2Ex = MeasureTextEx(font1, "x", font2.baseSize, 0);
      |             ^~~~~~~
rorray.c:353:13: warning: unused variable 'font1Ex' [-Wunused-variable]
  353 |     Vector2 font1Ex = MeasureTextEx(font1, "x", font1.baseSize, 0);
      |             ^~~~~~~
rorray.c:352:13: warning: unused variable 'font1Em' [-Wunused-variable]
  352 |     Vector2 font1Em = MeasureTextEx(font1, "M", font1.baseSize, 0);
      |             ^~~~~~~
rorray.c:343:10: warning: unused variable 'debugstr' [-Wunused-variable]
  343 |     char debugstr[256][256] = {0};
      |          ^~~~~~~~
rorray.c:342:9: warning: unused variable 'debugvar' [-Wunused-variable]
  342 |     int debugvar = 0;
      |         ^~~~~~~~
rorray.c:324:14: warning: unused variable 'screenOffsetY' [-Wunused-variable]
  324 |     uint16_t screenOffsetY = (windowedScreenHeight - DOWN * screenDowns) / 2;
      |              ^~~~~~~~~~~~~
rorray.c:323:14: warning: unused variable 'screenOffsetX' [-Wunused-variable]
  323 |     uint16_t screenOffsetX = (windowedScreenWidth - RIGHT * screenRights) / 2;
      |              ^~~~~~~~~~~~~
rorray.c:912:71: warning: 'selectedvector.y' may be used uninitialized [-Wmaybe-uninitialized]
  912 |                                 r_senator.y = mouse.y - selectedvector.y;
      |                                                         ~~~~~~~~~~~~~~^~
rorray.c:605:33: note: 'selectedvector.y' was declared here
  605 |                         Vector2 selectedvector;
      |                                 ^~~~~~~~~~~~~~
rorray.c:911:71: warning: 'selectedvector.x' may be used uninitialized [-Wmaybe-uninitialized]
  911 |                                 r_senator.x = mouse.x - selectedvector.x;
      |                                                         ~~~~~~~~~~~~~~^~
rorray.c:605:33: note: 'selectedvector.x' was declared here
  605 |                         Vector2 selectedvector;
      |                                 ^~~~~~~~~~~~~~
